2019-08-09 12:53:19.192  INFO 18460 --- [main] c.i.e.ElektronskiDnevnikApplication      : Starting ElektronskiDnevnikApplication on DESKTOP-8R6MLJQ with PID 18460 (C:\Users\HP\Documents\workspace-sts-3.9.8.RELEASE\elektronski_dnevnik\target\classes started by HP in C:\Users\HP\Documents\workspace-sts-3.9.8.RELEASE\elektronski_dnevnik)
2019-08-09 12:53:19.192  INFO 18460 --- [main] c.i.e.ElektronskiDnevnikApplication      : No active profile set, falling back to default profiles: default
2019-08-09 12:53:20.541  INFO 18460 --- [main] .s.d.r.c.RepositoryConfigurationDelegate : Bootstrapping Spring Data repositories in DEFAULT mode.
2019-08-09 12:53:20.650  INFO 18460 --- [main] .s.d.r.c.RepositoryConfigurationDelegate : Finished Spring Data repository scanning in 94ms. Found 1 repository interfaces.
2019-08-09 12:53:21.119  INFO 18460 --- [main] trationDelegate$BeanPostProcessorChecker : Bean 'org.springframework.transaction.annotation.ProxyTransactionManagementConfiguration' of type [org.springframework.transaction.annotation.ProxyTransactionManagementConfiguration$$EnhancerBySpringCGLIB$$71abe0ae] is not eligible for getting processed by all BeanPostProcessors (for example: not eligible for auto-proxying)
2019-08-09 12:53:21.181  INFO 18460 --- [main] trationDelegate$BeanPostProcessorChecker : Bean 'org.springframework.security.config.annotation.configuration.ObjectPostProcessorConfiguration' of type [org.springframework.security.config.annotation.configuration.ObjectPostProcessorConfiguration$$EnhancerBySpringCGLIB$$a59a8e8] is not eligible for getting processed by all BeanPostProcessors (for example: not eligible for auto-proxying)
2019-08-09 12:53:21.197  INFO 18460 --- [main] trationDelegate$BeanPostProcessorChecker : Bean 'objectPostProcessor' of type [org.springframework.security.config.annotation.configuration.AutowireBeanFactoryObjectPostProcessor] is not eligible for getting processed by all BeanPostProcessors (for example: not eligible for auto-proxying)
2019-08-09 12:53:21.197  INFO 18460 --- [main] trationDelegate$BeanPostProcessorChecker : Bean 'org.springframework.security.access.expression.method.DefaultMethodSecurityExpressionHandler@22fba58c' of type [org.springframework.security.access.expression.method.DefaultMethodSecurityExpressionHandler] is not eligible for getting processed by all BeanPostProcessors (for example: not eligible for auto-proxying)
2019-08-09 12:53:21.197  INFO 18460 --- [main] trationDelegate$BeanPostProcessorChecker : Bean 'org.springframework.security.config.annotation.method.configuration.GlobalMethodSecurityConfiguration' of type [org.springframework.security.config.annotation.method.configuration.GlobalMethodSecurityConfiguration$$EnhancerBySpringCGLIB$$2f2e4b9a] is not eligible for getting processed by all BeanPostProcessors (for example: not eligible for auto-proxying)
2019-08-09 12:53:21.213  INFO 18460 --- [main] trationDelegate$BeanPostProcessorChecker : Bean 'methodSecurityMetadataSource' of type [org.springframework.security.access.method.DelegatingMethodSecurityMetadataSource] is not eligible for getting processed by all BeanPostProcessors (for example: not eligible for auto-proxying)
2019-08-09 12:53:21.666  INFO 18460 --- [main] o.s.b.w.e.t.TomcatWebServer              : Tomcat initialized with port(s): 8080 (http)
2019-08-09 12:53:21.697  INFO 18460 --- [main] o.a.c.c.StandardService                  : Starting service [Tomcat]
2019-08-09 12:53:21.697  INFO 18460 --- [main] o.a.c.c.StandardEngine                   : Starting Servlet engine: [Apache Tomcat/9.0.17]
2019-08-09 12:53:21.900  INFO 18460 --- [main] o.a.c.c.C.[.[.[/]                        : Initializing Spring embedded WebApplicationContext
2019-08-09 12:53:21.900  INFO 18460 --- [main] o.s.w.c.ContextLoader                    : Root WebApplicationContext: initialization completed in 2568 ms
2019-08-09 12:53:22.217  INFO 18460 --- [main] c.z.h.HikariDataSource                   : HikariPool-1 - Starting...
2019-08-09 12:53:22.233  WARN 18460 --- [main] c.z.h.u.DriverDataSource                 : Registered driver with driverClassName=com.mysql.jdbc.Driver was not found, trying direct instantiation.
2019-08-09 12:53:23.108  INFO 18460 --- [main] c.z.h.HikariDataSource                   : HikariPool-1 - Start completed.
2019-08-09 12:53:23.217  INFO 18460 --- [main] o.h.j.i.u.LogHelper                      : HHH000204: Processing PersistenceUnitInfo [
	name: default
	...]
2019-08-09 12:53:23.373  INFO 18460 --- [main] o.h.Version                              : HHH000412: Hibernate Core {5.3.9.Final}
2019-08-09 12:53:23.379  INFO 18460 --- [main] o.h.c.Environment                        : HHH000206: hibernate.properties not found
2019-08-09 12:53:23.582  INFO 18460 --- [main] o.h.a.c.Version                          : HCANN000001: Hibernate Commons Annotations {5.0.4.Final}
2019-08-09 12:53:23.785  INFO 18460 --- [main] o.h.d.Dialect                            : HHH000400: Using dialect: org.hibernate.dialect.MySQL5Dialect
2019-08-09 12:53:27.223  INFO 18460 --- [main] j.LocalContainerEntityManagerFactoryBean : Initialized JPA EntityManagerFactory for persistence unit 'default'
2019-08-09 12:53:28.114  INFO 18460 --- [main] o.s.s.w.DefaultSecurityFilterChain       : Creating filter chain: any request, [org.springframework.security.web.context.request.async.WebAsyncManagerIntegrationFilter@72f3f14c, org.springframework.security.web.context.SecurityContextPersistenceFilter@553ce348, org.springframework.security.web.header.HeaderWriterFilter@150f41b9, org.springframework.security.web.authentication.logout.LogoutFilter@56f9de3b, org.springframework.security.web.authentication.www.BasicAuthenticationFilter@5f6a8efe, org.springframework.security.web.savedrequest.RequestCacheAwareFilter@5c0e2ec, org.springframework.security.web.servletapi.SecurityContextHolderAwareRequestFilter@71e7830a, org.springframework.security.web.authentication.AnonymousAuthenticationFilter@4cb4c4cc, org.springframework.security.web.session.SessionManagementFilter@258a8584, org.springframework.security.web.access.ExceptionTranslationFilter@517fbf62, org.springframework.security.web.access.intercept.FilterSecurityInterceptor@542ff147]
2019-08-09 12:53:28.442  INFO 18460 --- [main] o.s.s.c.ThreadPoolTaskExecutor           : Initializing ExecutorService 'applicationTaskExecutor'
2019-08-09 12:53:28.481  WARN 18460 --- [main] aWebConfiguration$JpaWebMvcConfiguration : spring.jpa.open-in-view is enabled by default. Therefore, database queries may be performed during view rendering. Explicitly configure spring.jpa.open-in-view to disable this warning
2019-08-09 12:53:28.840  INFO 18460 --- [main] o.s.b.w.e.t.TomcatWebServer              : Tomcat started on port(s): 8080 (http) with context path ''
2019-08-09 12:53:28.840  INFO 18460 --- [main] c.i.e.ElektronskiDnevnikApplication      : Started ElektronskiDnevnikApplication in 10.43 seconds (JVM running for 12.717)
2019-08-09 12:57:08.726  INFO 18460 --- [RMI TCP Connection(13)-127.0.0.1] inMXBeanRegistrar$SpringApplicationAdmin : Application shutdown requested.
2019-08-09 12:57:08.737  INFO 18460 --- [RMI TCP Connection(13)-127.0.0.1] o.s.s.c.ThreadPoolTaskExecutor           : Shutting down ExecutorService 'applicationTaskExecutor'
2019-08-09 12:57:08.737  INFO 18460 --- [RMI TCP Connection(13)-127.0.0.1] j.LocalContainerEntityManagerFactoryBean : Closing JPA EntityManagerFactory for persistence unit 'default'
2019-08-09 12:57:08.737  INFO 18460 --- [RMI TCP Connection(13)-127.0.0.1] c.z.h.HikariDataSource                   : HikariPool-1 - Shutdown initiated...
2019-08-09 12:57:08.752  INFO 18460 --- [RMI TCP Connection(13)-127.0.0.1] c.z.h.HikariDataSource                   : HikariPool-1 - Shutdown completed.
2019-08-09 12:57:13.167  INFO 17752 --- [main] c.i.e.ElektronskiDnevnikApplication      : Starting ElektronskiDnevnikApplication on DESKTOP-8R6MLJQ with PID 17752 (C:\Users\HP\Documents\workspace-sts-3.9.8.RELEASE\elektronski_dnevnik\target\classes started by HP in C:\Users\HP\Documents\workspace-sts-3.9.8.RELEASE\elektronski_dnevnik)
2019-08-09 12:57:13.167  INFO 17752 --- [main] c.i.e.ElektronskiDnevnikApplication      : No active profile set, falling back to default profiles: default
2019-08-09 12:57:14.183  INFO 17752 --- [main] .s.d.r.c.RepositoryConfigurationDelegate : Bootstrapping Spring Data repositories in DEFAULT mode.
2019-08-09 12:57:14.288  INFO 17752 --- [main] .s.d.r.c.RepositoryConfigurationDelegate : Finished Spring Data repository scanning in 94ms. Found 1 repository interfaces.
2019-08-09 12:57:14.772  INFO 17752 --- [main] trationDelegate$BeanPostProcessorChecker : Bean 'org.springframework.transaction.annotation.ProxyTransactionManagementConfiguration' of type [org.springframework.transaction.annotation.ProxyTransactionManagementConfiguration$$EnhancerBySpringCGLIB$$cc94182d] is not eligible for getting processed by all BeanPostProcessors (for example: not eligible for auto-proxying)
2019-08-09 12:57:14.819  INFO 17752 --- [main] trationDelegate$BeanPostProcessorChecker : Bean 'org.springframework.security.config.annotation.configuration.ObjectPostProcessorConfiguration' of type [org.springframework.security.config.annotation.configuration.ObjectPostProcessorConfiguration$$EnhancerBySpringCGLIB$$6541e067] is not eligible for getting processed by all BeanPostProcessors (for example: not eligible for auto-proxying)
2019-08-09 12:57:14.835  INFO 17752 --- [main] trationDelegate$BeanPostProcessorChecker : Bean 'objectPostProcessor' of type [org.springframework.security.config.annotation.configuration.AutowireBeanFactoryObjectPostProcessor] is not eligible for getting processed by all BeanPostProcessors (for example: not eligible for auto-proxying)
2019-08-09 12:57:14.835  INFO 17752 --- [main] trationDelegate$BeanPostProcessorChecker : Bean 'org.springframework.security.access.expression.method.DefaultMethodSecurityExpressionHandler@19593091' of type [org.springframework.security.access.expression.method.DefaultMethodSecurityExpressionHandler] is not eligible for getting processed by all BeanPostProcessors (for example: not eligible for auto-proxying)
2019-08-09 12:57:14.835  INFO 17752 --- [main] trationDelegate$BeanPostProcessorChecker : Bean 'org.springframework.security.config.annotation.method.configuration.GlobalMethodSecurityConfiguration' of type [org.springframework.security.config.annotation.method.configuration.GlobalMethodSecurityConfiguration$$EnhancerBySpringCGLIB$$8a168319] is not eligible for getting processed by all BeanPostProcessors (for example: not eligible for auto-proxying)
2019-08-09 12:57:14.850  INFO 17752 --- [main] trationDelegate$BeanPostProcessorChecker : Bean 'methodSecurityMetadataSource' of type [org.springframework.security.access.method.DelegatingMethodSecurityMetadataSource] is not eligible for getting processed by all BeanPostProcessors (for example: not eligible for auto-proxying)
2019-08-09 12:57:15.288  INFO 17752 --- [main] o.s.b.w.e.t.TomcatWebServer              : Tomcat initialized with port(s): 8080 (http)
2019-08-09 12:57:15.307  INFO 17752 --- [main] o.a.c.c.StandardService                  : Starting service [Tomcat]
2019-08-09 12:57:15.307  INFO 17752 --- [main] o.a.c.c.StandardEngine                   : Starting Servlet engine: [Apache Tomcat/9.0.17]
2019-08-09 12:57:15.494  INFO 17752 --- [main] o.a.c.c.C.[.[.[/]                        : Initializing Spring embedded WebApplicationContext
2019-08-09 12:57:15.494  INFO 17752 --- [main] o.s.w.c.ContextLoader                    : Root WebApplicationContext: initialization completed in 2186 ms
2019-08-09 12:57:15.797  INFO 17752 --- [main] c.z.h.HikariDataSource                   : HikariPool-1 - Starting...
2019-08-09 12:57:15.812  WARN 17752 --- [main] c.z.h.u.DriverDataSource                 : Registered driver with driverClassName=com.mysql.jdbc.Driver was not found, trying direct instantiation.
2019-08-09 12:57:16.672  INFO 17752 --- [main] c.z.h.HikariDataSource                   : HikariPool-1 - Start completed.
2019-08-09 12:57:16.851  INFO 17752 --- [main] o.h.j.i.u.LogHelper                      : HHH000204: Processing PersistenceUnitInfo [
	name: default
	...]
2019-08-09 12:57:16.991  INFO 17752 --- [main] o.h.Version                              : HHH000412: Hibernate Core {5.3.9.Final}
2019-08-09 12:57:16.991  INFO 17752 --- [main] o.h.c.Environment                        : HHH000206: hibernate.properties not found
2019-08-09 12:57:17.210  INFO 17752 --- [main] o.h.a.c.Version                          : HCANN000001: Hibernate Commons Annotations {5.0.4.Final}
2019-08-09 12:57:17.429  INFO 17752 --- [main] o.h.d.Dialect                            : HHH000400: Using dialect: org.hibernate.dialect.MySQL5Dialect
2019-08-09 12:57:18.804  INFO 17752 --- [main] o.h.t.PojoInstantiator                   : HHH000182: No default (no-argument) constructor for class: com.iktpreobuka.elektronskidnevnik.entities.ParentEntity (class must be instantiated by Interceptor)
2019-08-09 12:57:18.872  INFO 17752 --- [main] o.h.t.PojoInstantiator                   : HHH000182: No default (no-argument) constructor for class: com.iktpreobuka.elektronskidnevnik.entities.StudentEntity (class must be instantiated by Interceptor)
2019-08-09 12:57:18.965  INFO 17752 --- [main] o.h.t.PojoInstantiator                   : HHH000182: No default (no-argument) constructor for class: com.iktpreobuka.elektronskidnevnik.entities.TeacherEntity (class must be instantiated by Interceptor)
2019-08-09 12:57:21.356  INFO 17752 --- [main] j.LocalContainerEntityManagerFactoryBean : Initialized JPA EntityManagerFactory for persistence unit 'default'
2019-08-09 12:57:22.094  INFO 17752 --- [main] o.s.s.w.DefaultSecurityFilterChain       : Creating filter chain: any request, [org.springframework.security.web.context.request.async.WebAsyncManagerIntegrationFilter@4af70b83, org.springframework.security.web.context.SecurityContextPersistenceFilter@3f6f9cef, org.springframework.security.web.header.HeaderWriterFilter@2f471037, org.springframework.security.web.authentication.logout.LogoutFilter@7ff09659, org.springframework.security.web.authentication.www.BasicAuthenticationFilter@498a4d62, org.springframework.security.web.savedrequest.RequestCacheAwareFilter@7858d31d, org.springframework.security.web.servletapi.SecurityContextHolderAwareRequestFilter@534762ed, org.springframework.security.web.authentication.AnonymousAuthenticationFilter@143413cd, org.springframework.security.web.session.SessionManagementFilter@48b2dbc4, org.springframework.security.web.access.ExceptionTranslationFilter@3212bfd, org.springframework.security.web.access.intercept.FilterSecurityInterceptor@27db45f]
2019-08-09 12:57:22.375  INFO 17752 --- [main] o.s.s.c.ThreadPoolTaskExecutor           : Initializing ExecutorService 'applicationTaskExecutor'
2019-08-09 12:57:22.424  WARN 17752 --- [main] aWebConfiguration$JpaWebMvcConfiguration : spring.jpa.open-in-view is enabled by default. Therefore, database queries may be performed during view rendering. Explicitly configure spring.jpa.open-in-view to disable this warning
2019-08-09 12:57:22.721  INFO 17752 --- [main] o.s.b.w.e.t.TomcatWebServer              : Tomcat started on port(s): 8080 (http) with context path ''
2019-08-09 12:57:22.721  INFO 17752 --- [main] c.i.e.ElektronskiDnevnikApplication      : Started ElektronskiDnevnikApplication in 10.154 seconds (JVM running for 11.577)
2019-08-09 13:00:25.242  INFO 17752 --- [http-nio-8080-exec-1] o.a.c.c.C.[.[.[/]                        : Initializing Spring DispatcherServlet 'dispatcherServlet'
2019-08-09 13:00:25.242  INFO 17752 --- [http-nio-8080-exec-1] o.s.w.s.DispatcherServlet                : Initializing Servlet 'dispatcherServlet'
2019-08-09 13:00:25.252  INFO 17752 --- [http-nio-8080-exec-1] o.s.w.s.DispatcherServlet                : Completed initialization in 9 ms
2019-08-09 13:00:25.552 ERROR 17752 --- [http-nio-8080-exec-1] c.i.e.c.AuthenticationEntryPoint         : Unauthorized attempt
2019-08-09 13:07:25.806 ERROR 17752 --- [http-nio-8080-exec-5] c.i.e.c.AuthenticationEntryPoint         : Unauthorized attempt
2019-08-09 13:24:00.791  INFO 17752 --- [RMI TCP Connection(35)-127.0.0.1] inMXBeanRegistrar$SpringApplicationAdmin : Application shutdown requested.
2019-08-09 13:24:00.799  INFO 17752 --- [RMI TCP Connection(35)-127.0.0.1] o.s.s.c.ThreadPoolTaskExecutor           : Shutting down ExecutorService 'applicationTaskExecutor'
2019-08-09 13:24:00.799  INFO 17752 --- [RMI TCP Connection(35)-127.0.0.1] j.LocalContainerEntityManagerFactoryBean : Closing JPA EntityManagerFactory for persistence unit 'default'
2019-08-09 13:24:00.799  INFO 17752 --- [RMI TCP Connection(35)-127.0.0.1] c.z.h.HikariDataSource                   : HikariPool-1 - Shutdown initiated...
2019-08-09 13:24:00.815  INFO 17752 --- [RMI TCP Connection(35)-127.0.0.1] c.z.h.HikariDataSource                   : HikariPool-1 - Shutdown completed.
2019-08-09 13:24:05.637  INFO 18272 --- [main] c.i.e.ElektronskiDnevnikApplication      : Starting ElektronskiDnevnikApplication on DESKTOP-8R6MLJQ with PID 18272 (C:\Users\HP\Documents\workspace-sts-3.9.8.RELEASE\elektronski_dnevnik\target\classes started by HP in C:\Users\HP\Documents\workspace-sts-3.9.8.RELEASE\elektronski_dnevnik)
2019-08-09 13:24:05.653  INFO 18272 --- [main] c.i.e.ElektronskiDnevnikApplication      : No active profile set, falling back to default profiles: default
2019-08-09 13:24:06.872  INFO 18272 --- [main] .s.d.r.c.RepositoryConfigurationDelegate : Bootstrapping Spring Data repositories in DEFAULT mode.
2019-08-09 13:24:06.997  INFO 18272 --- [main] .s.d.r.c.RepositoryConfigurationDelegate : Finished Spring Data repository scanning in 110ms. Found 1 repository interfaces.
2019-08-09 13:24:07.653  INFO 18272 --- [main] trationDelegate$BeanPostProcessorChecker : Bean 'org.springframework.transaction.annotation.ProxyTransactionManagementConfiguration' of type [org.springframework.transaction.annotation.ProxyTransactionManagementConfiguration$$EnhancerBySpringCGLIB$$58c8823f] is not eligible for getting processed by all BeanPostProcessors (for example: not eligible for auto-proxying)
2019-08-09 13:24:07.715  INFO 18272 --- [main] trationDelegate$BeanPostProcessorChecker : Bean 'org.springframework.security.config.annotation.configuration.ObjectPostProcessorConfiguration' of type [org.springframework.security.config.annotation.configuration.ObjectPostProcessorConfiguration$$EnhancerBySpringCGLIB$$f1764a79] is not eligible for getting processed by all BeanPostProcessors (for example: not eligible for auto-proxying)
2019-08-09 13:24:07.715  INFO 18272 --- [main] trationDelegate$BeanPostProcessorChecker : Bean 'objectPostProcessor' of type [org.springframework.security.config.annotation.configuration.AutowireBeanFactoryObjectPostProcessor] is not eligible for getting processed by all BeanPostProcessors (for example: not eligible for auto-proxying)
2019-08-09 13:24:07.731  INFO 18272 --- [main] trationDelegate$BeanPostProcessorChecker : Bean 'org.springframework.security.access.expression.method.DefaultMethodSecurityExpressionHandler@4e868ef5' of type [org.springframework.security.access.expression.method.DefaultMethodSecurityExpressionHandler] is not eligible for getting processed by all BeanPostProcessors (for example: not eligible for auto-proxying)
2019-08-09 13:24:07.731  INFO 18272 --- [main] trationDelegate$BeanPostProcessorChecker : Bean 'org.springframework.security.config.annotation.method.configuration.GlobalMethodSecurityConfiguration' of type [org.springframework.security.config.annotation.method.configuration.GlobalMethodSecurityConfiguration$$EnhancerBySpringCGLIB$$164aed2b] is not eligible for getting processed by all BeanPostProcessors (for example: not eligible for auto-proxying)
2019-08-09 13:24:07.731  INFO 18272 --- [main] trationDelegate$BeanPostProcessorChecker : Bean 'methodSecurityMetadataSource' of type [org.springframework.security.access.method.DelegatingMethodSecurityMetadataSource] is not eligible for getting processed by all BeanPostProcessors (for example: not eligible for auto-proxying)
2019-08-09 13:24:08.247  INFO 18272 --- [main] o.s.b.w.e.t.TomcatWebServer              : Tomcat initialized with port(s): 8080 (http)
2019-08-09 13:24:08.283  INFO 18272 --- [main] o.a.c.c.StandardService                  : Starting service [Tomcat]
2019-08-09 13:24:08.283  INFO 18272 --- [main] o.a.c.c.StandardEngine                   : Starting Servlet engine: [Apache Tomcat/9.0.17]
2019-08-09 13:24:08.532  INFO 18272 --- [main] o.a.c.c.C.[.[.[/]                        : Initializing Spring embedded WebApplicationContext
2019-08-09 13:24:08.532  INFO 18272 --- [main] o.s.w.c.ContextLoader                    : Root WebApplicationContext: initialization completed in 2754 ms
2019-08-09 13:24:08.915  INFO 18272 --- [main] c.z.h.HikariDataSource                   : HikariPool-1 - Starting...
2019-08-09 13:24:08.915  WARN 18272 --- [main] c.z.h.u.DriverDataSource                 : Registered driver with driverClassName=com.mysql.jdbc.Driver was not found, trying direct instantiation.
2019-08-09 13:24:09.853  INFO 18272 --- [main] c.z.h.HikariDataSource                   : HikariPool-1 - Start completed.
2019-08-09 13:24:09.928  INFO 18272 --- [main] o.h.j.i.u.LogHelper                      : HHH000204: Processing PersistenceUnitInfo [
	name: default
	...]
2019-08-09 13:24:10.069  INFO 18272 --- [main] o.h.Version                              : HHH000412: Hibernate Core {5.3.9.Final}
2019-08-09 13:24:10.069  INFO 18272 --- [main] o.h.c.Environment                        : HHH000206: hibernate.properties not found
2019-08-09 13:24:10.303  INFO 18272 --- [main] o.h.a.c.Version                          : HCANN000001: Hibernate Commons Annotations {5.0.4.Final}
2019-08-09 13:24:10.506  INFO 18272 --- [main] o.h.d.Dialect                            : HHH000400: Using dialect: org.hibernate.dialect.MySQL5Dialect
2019-08-09 13:24:11.881  INFO 18272 --- [main] o.h.t.PojoInstantiator                   : HHH000182: No default (no-argument) constructor for class: com.iktpreobuka.elektronskidnevnik.entities.ParentEntity (class must be instantiated by Interceptor)
2019-08-09 13:24:11.928  INFO 18272 --- [main] o.h.t.PojoInstantiator                   : HHH000182: No default (no-argument) constructor for class: com.iktpreobuka.elektronskidnevnik.entities.StudentEntity (class must be instantiated by Interceptor)
2019-08-09 13:24:12.007  INFO 18272 --- [main] o.h.t.PojoInstantiator                   : HHH000182: No default (no-argument) constructor for class: com.iktpreobuka.elektronskidnevnik.entities.TeacherEntity (class must be instantiated by Interceptor)
2019-08-09 13:24:14.397  INFO 18272 --- [main] j.LocalContainerEntityManagerFactoryBean : Initialized JPA EntityManagerFactory for persistence unit 'default'
2019-08-09 13:24:15.053  INFO 18272 --- [main] o.s.s.w.DefaultSecurityFilterChain       : Creating filter chain: any request, [org.springframework.security.web.context.request.async.WebAsyncManagerIntegrationFilter@57f0bfc3, org.springframework.security.web.context.SecurityContextPersistenceFilter@3eec8583, org.springframework.security.web.header.HeaderWriterFilter@3b65084e, org.springframework.security.web.authentication.logout.LogoutFilter@7417ef4f, org.springframework.security.web.authentication.www.BasicAuthenticationFilter@15e5246, org.springframework.security.web.savedrequest.RequestCacheAwareFilter@343db2f6, org.springframework.security.web.servletapi.SecurityContextHolderAwareRequestFilter@6e364f1f, org.springframework.security.web.authentication.AnonymousAuthenticationFilter@14590fe2, org.springframework.security.web.session.SessionManagementFilter@2a631049, org.springframework.security.web.access.ExceptionTranslationFilter@7858d31d, org.springframework.security.web.access.intercept.FilterSecurityInterceptor@143413cd]
2019-08-09 13:24:15.303  INFO 18272 --- [main] o.s.s.c.ThreadPoolTaskExecutor           : Initializing ExecutorService 'applicationTaskExecutor'
2019-08-09 13:24:15.350  WARN 18272 --- [main] aWebConfiguration$JpaWebMvcConfiguration : spring.jpa.open-in-view is enabled by default. Therefore, database queries may be performed during view rendering. Explicitly configure spring.jpa.open-in-view to disable this warning
2019-08-09 13:24:15.646  INFO 18272 --- [main] o.s.b.w.e.t.TomcatWebServer              : Tomcat started on port(s): 8080 (http) with context path ''
2019-08-09 13:24:15.648  INFO 18272 --- [main] c.i.e.ElektronskiDnevnikApplication      : Started ElektronskiDnevnikApplication in 10.71 seconds (JVM running for 12.343)
2019-08-09 13:24:31.996  INFO 18272 --- [http-nio-8080-exec-1] o.a.c.c.C.[.[.[/]                        : Initializing Spring DispatcherServlet 'dispatcherServlet'
2019-08-09 13:24:32.000  INFO 18272 --- [http-nio-8080-exec-1] o.s.w.s.DispatcherServlet                : Initializing Servlet 'dispatcherServlet'
2019-08-09 13:24:32.013  INFO 18272 --- [http-nio-8080-exec-1] o.s.w.s.DispatcherServlet                : Completed initialization in 13 ms
2019-08-09 13:24:32.345 ERROR 18272 --- [http-nio-8080-exec-1] c.i.e.c.AuthenticationEntryPoint         : Unauthorized attempt
2019-08-09 13:28:49.536  INFO 14576 --- [main] c.i.e.ElektronskiDnevnikApplication      : Starting ElektronskiDnevnikApplication on DESKTOP-8R6MLJQ with PID 14576 (C:\Users\HP\Documents\workspace-sts-3.9.8.RELEASE\elektronski_dnevnik\target\classes started by HP in C:\Users\HP\Documents\workspace-sts-3.9.8.RELEASE\elektronski_dnevnik)
2019-08-09 13:28:49.552  INFO 14576 --- [main] c.i.e.ElektronskiDnevnikApplication      : No active profile set, falling back to default profiles: default
2019-08-09 13:28:50.567  INFO 14576 --- [main] .s.d.r.c.RepositoryConfigurationDelegate : Bootstrapping Spring Data repositories in DEFAULT mode.
2019-08-09 13:28:50.686  INFO 14576 --- [main] .s.d.r.c.RepositoryConfigurationDelegate : Finished Spring Data repository scanning in 109ms. Found 1 repository interfaces.
2019-08-09 13:28:51.186  INFO 14576 --- [main] trationDelegate$BeanPostProcessorChecker : Bean 'org.springframework.transaction.annotation.ProxyTransactionManagementConfiguration' of type [org.springframework.transaction.annotation.ProxyTransactionManagementConfiguration$$EnhancerBySpringCGLIB$$bbae3f60] is not eligible for getting processed by all BeanPostProcessors (for example: not eligible for auto-proxying)
2019-08-09 13:28:51.233  INFO 14576 --- [main] trationDelegate$BeanPostProcessorChecker : Bean 'org.springframework.security.config.annotation.configuration.ObjectPostProcessorConfiguration' of type [org.springframework.security.config.annotation.configuration.ObjectPostProcessorConfiguration$$EnhancerBySpringCGLIB$$545c079a] is not eligible for getting processed by all BeanPostProcessors (for example: not eligible for auto-proxying)
2019-08-09 13:28:51.249  INFO 14576 --- [main] trationDelegate$BeanPostProcessorChecker : Bean 'objectPostProcessor' of type [org.springframework.security.config.annotation.configuration.AutowireBeanFactoryObjectPostProcessor] is not eligible for getting processed by all BeanPostProcessors (for example: not eligible for auto-proxying)
2019-08-09 13:28:51.249  INFO 14576 --- [main] trationDelegate$BeanPostProcessorChecker : Bean 'org.springframework.security.access.expression.method.DefaultMethodSecurityExpressionHandler@1c025cb' of type [org.springframework.security.access.expression.method.DefaultMethodSecurityExpressionHandler] is not eligible for getting processed by all BeanPostProcessors (for example: not eligible for auto-proxying)
2019-08-09 13:28:51.249  INFO 14576 --- [main] trationDelegate$BeanPostProcessorChecker : Bean 'org.springframework.security.config.annotation.method.configuration.GlobalMethodSecurityConfiguration' of type [org.springframework.security.config.annotation.method.configuration.GlobalMethodSecurityConfiguration$$EnhancerBySpringCGLIB$$7930aa4c] is not eligible for getting processed by all BeanPostProcessors (for example: not eligible for auto-proxying)
2019-08-09 13:28:51.264  INFO 14576 --- [main] trationDelegate$BeanPostProcessorChecker : Bean 'methodSecurityMetadataSource' of type [org.springframework.security.access.method.DelegatingMethodSecurityMetadataSource] is not eligible for getting processed by all BeanPostProcessors (for example: not eligible for auto-proxying)
2019-08-09 13:28:51.702  INFO 14576 --- [main] o.s.b.w.e.t.TomcatWebServer              : Tomcat initialized with port(s): 8080 (http)
2019-08-09 13:28:51.748  INFO 14576 --- [main] o.a.c.c.StandardService                  : Starting service [Tomcat]
2019-08-09 13:28:51.748  INFO 14576 --- [main] o.a.c.c.StandardEngine                   : Starting Servlet engine: [Apache Tomcat/9.0.17]
2019-08-09 13:28:51.936  INFO 14576 --- [main] o.a.c.c.C.[.[.[/]                        : Initializing Spring embedded WebApplicationContext
2019-08-09 13:28:51.936  INFO 14576 --- [main] o.s.w.c.ContextLoader                    : Root WebApplicationContext: initialization completed in 2259 ms
2019-08-09 13:28:52.312  INFO 14576 --- [main] c.z.h.HikariDataSource                   : HikariPool-1 - Starting...
2019-08-09 13:28:52.312  WARN 14576 --- [main] c.z.h.u.DriverDataSource                 : Registered driver with driverClassName=com.mysql.jdbc.Driver was not found, trying direct instantiation.
2019-08-09 13:28:53.202  INFO 14576 --- [main] c.z.h.HikariDataSource                   : HikariPool-1 - Start completed.
2019-08-09 13:28:53.297  INFO 14576 --- [main] o.h.j.i.u.LogHelper                      : HHH000204: Processing PersistenceUnitInfo [
	name: default
	...]
2019-08-09 13:28:53.438  INFO 14576 --- [main] o.h.Version                              : HHH000412: Hibernate Core {5.3.9.Final}
2019-08-09 13:28:53.438  INFO 14576 --- [main] o.h.c.Environment                        : HHH000206: hibernate.properties not found
2019-08-09 13:28:53.734  INFO 14576 --- [main] o.h.a.c.Version                          : HCANN000001: Hibernate Commons Annotations {5.0.4.Final}
2019-08-09 13:28:53.969  INFO 14576 --- [main] o.h.d.Dialect                            : HHH000400: Using dialect: org.hibernate.dialect.MySQL5Dialect
2019-08-09 13:28:55.172  INFO 14576 --- [main] o.h.t.PojoInstantiator                   : HHH000182: No default (no-argument) constructor for class: com.iktpreobuka.elektronskidnevnik.entities.ParentEntity (class must be instantiated by Interceptor)
2019-08-09 13:28:55.251  INFO 14576 --- [main] o.h.t.PojoInstantiator                   : HHH000182: No default (no-argument) constructor for class: com.iktpreobuka.elektronskidnevnik.entities.StudentEntity (class must be instantiated by Interceptor)
2019-08-09 13:28:55.360  INFO 14576 --- [main] o.h.t.PojoInstantiator                   : HHH000182: No default (no-argument) constructor for class: com.iktpreobuka.elektronskidnevnik.entities.TeacherEntity (class must be instantiated by Interceptor)
2019-08-09 13:28:57.282  INFO 14576 --- [main] j.LocalContainerEntityManagerFactoryBean : Initialized JPA EntityManagerFactory for persistence unit 'default'
2019-08-09 13:28:58.089  INFO 14576 --- [main] o.s.s.w.DefaultSecurityFilterChain       : Creating filter chain: any request, [org.springframework.security.web.context.request.async.WebAsyncManagerIntegrationFilter@1c2096c6, org.springframework.security.web.context.SecurityContextPersistenceFilter@280ecc33, org.springframework.security.web.header.HeaderWriterFilter@3dd2b9c1, org.springframework.security.web.authentication.logout.LogoutFilter@4bf8b77, org.springframework.security.web.authentication.www.BasicAuthenticationFilter@147c00aa, org.springframework.security.web.savedrequest.RequestCacheAwareFilter@3c27f72, org.springframework.security.web.servletapi.SecurityContextHolderAwareRequestFilter@2211b44f, org.springframework.security.web.authentication.AnonymousAuthenticationFilter@1a89414e, org.springframework.security.web.session.SessionManagementFilter@46524ebe, org.springframework.security.web.access.ExceptionTranslationFilter@645ba24a, org.springframework.security.web.access.intercept.FilterSecurityInterceptor@2fb48970]
2019-08-09 13:28:58.386  INFO 14576 --- [main] o.s.s.c.ThreadPoolTaskExecutor           : Initializing ExecutorService 'applicationTaskExecutor'
2019-08-09 13:28:58.447  WARN 14576 --- [main] aWebConfiguration$JpaWebMvcConfiguration : spring.jpa.open-in-view is enabled by default. Therefore, database queries may be performed during view rendering. Explicitly configure spring.jpa.open-in-view to disable this warning
2019-08-09 13:28:58.744 ERROR 14576 --- [main] o.a.c.u.LifecycleBase                    : Failed to start component [Connector[HTTP/1.1-8080]]

org.apache.catalina.LifecycleException: Protocol handler start failed
	at org.apache.catalina.connector.Connector.startInternal(Connector.java:1008) ~[tomcat-embed-core-9.0.17.jar:9.0.17]
	at org.apache.catalina.util.LifecycleBase.start(LifecycleBase.java:183) [tomcat-embed-core-9.0.17.jar:9.0.17]
	at org.apache.catalina.core.StandardService.addConnector(StandardService.java:226) [tomcat-embed-core-9.0.17.jar:9.0.17]
	at org.springframework.boot.web.embedded.tomcat.TomcatWebServer.addPreviouslyRemovedConnectors(TomcatWebServer.java:259) [spring-boot-2.1.4.RELEASE.jar:2.1.4.RELEASE]
	at org.springframework.boot.web.embedded.tomcat.TomcatWebServer.start(TomcatWebServer.java:197) [spring-boot-2.1.4.RELEASE.jar:2.1.4.RELEASE]
	at org.springframework.boot.web.servlet.context.ServletWebServerApplicationContext.startWebServer(ServletWebServerApplicationContext.java:311) [spring-boot-2.1.4.RELEASE.jar:2.1.4.RELEASE]
	at org.springframework.boot.web.servlet.context.ServletWebServerApplicationContext.finishRefresh(ServletWebServerApplicationContext.java:164) [spring-boot-2.1.4.RELEASE.jar:2.1.4.RELEASE]
	at org.springframework.context.support.AbstractApplicationContext.refresh(AbstractApplicationContext.java:552) [spring-context-5.1.6.RELEASE.jar:5.1.6.RELEASE]
	at org.springframework.boot.web.servlet.context.ServletWebServerApplicationContext.refresh(ServletWebServerApplicationContext.java:142) [spring-boot-2.1.4.RELEASE.jar:2.1.4.RELEASE]
	at org.springframework.boot.SpringApplication.refresh(SpringApplication.java:775) [spring-boot-2.1.4.RELEASE.jar:2.1.4.RELEASE]
	at org.springframework.boot.SpringApplication.refreshContext(SpringApplication.java:397) [spring-boot-2.1.4.RELEASE.jar:2.1.4.RELEASE]
	at org.springframework.boot.SpringApplication.run(SpringApplication.java:316) [spring-boot-2.1.4.RELEASE.jar:2.1.4.RELEASE]
	at org.springframework.boot.SpringApplication.run(SpringApplication.java:1260) [spring-boot-2.1.4.RELEASE.jar:2.1.4.RELEASE]
	at org.springframework.boot.SpringApplication.run(SpringApplication.java:1248) [spring-boot-2.1.4.RELEASE.jar:2.1.4.RELEASE]
	at com.iktpreobuka.elektronskidnevnik.ElektronskiDnevnikApplication.main(ElektronskiDnevnikApplication.java:12) [classes/:?]
Caused by: java.net.BindException: Address already in use: bind
	at sun.nio.ch.Net.bind0(Native Method) ~[?:1.8.0_211]
	at sun.nio.ch.Net.bind(Unknown Source) ~[?:1.8.0_211]
	at sun.nio.ch.Net.bind(Unknown Source) ~[?:1.8.0_211]
	at sun.nio.ch.ServerSocketChannelImpl.bind(Unknown Source) ~[?:1.8.0_211]
	at sun.nio.ch.ServerSocketAdaptor.bind(Unknown Source) ~[?:1.8.0_211]
	at org.apache.tomcat.util.net.NioEndpoint.initServerSocket(NioEndpoint.java:236) ~[tomcat-embed-core-9.0.17.jar:9.0.17]
	at org.apache.tomcat.util.net.NioEndpoint.bind(NioEndpoint.java:210) ~[tomcat-embed-core-9.0.17.jar:9.0.17]
	at org.apache.tomcat.util.net.AbstractEndpoint.bindWithCleanup(AbstractEndpoint.java:1103) ~[tomcat-embed-core-9.0.17.jar:9.0.17]
	at org.apache.tomcat.util.net.AbstractEndpoint.start(AbstractEndpoint.java:1189) ~[tomcat-embed-core-9.0.17.jar:9.0.17]
	at org.apache.coyote.AbstractProtocol.start(AbstractProtocol.java:568) ~[tomcat-embed-core-9.0.17.jar:9.0.17]
	at org.apache.catalina.connector.Connector.startInternal(Connector.java:1005) ~[tomcat-embed-core-9.0.17.jar:9.0.17]
	... 14 more

2019-08-09 13:28:58.760  INFO 14576 --- [main] o.a.c.c.StandardService                  : Stopping service [Tomcat]
2019-08-09 13:28:59.119  INFO 14576 --- [main] ConditionEvaluationReportLoggingListener : 

Error starting ApplicationContext. To display the conditions report re-run your application with 'debug' enabled.
2019-08-09 13:28:59.135 ERROR 14576 --- [main] o.s.b.d.LoggingFailureAnalysisReporter   : 

***************************
APPLICATION FAILED TO START
***************************

Description:

The Tomcat connector configured to listen on port 8080 failed to start. The port may already be in use or the connector may be misconfigured.

Action:

Verify the connector's configuration, identify and stop any process that's listening on port 8080, or configure this application to listen on another port.

2019-08-09 13:28:59.135  INFO 14576 --- [main] o.s.s.c.ThreadPoolTaskExecutor           : Shutting down ExecutorService 'applicationTaskExecutor'
2019-08-09 13:28:59.151  INFO 14576 --- [main] j.LocalContainerEntityManagerFactoryBean : Closing JPA EntityManagerFactory for persistence unit 'default'
2019-08-09 13:28:59.151  INFO 14576 --- [main] c.z.h.HikariDataSource                   : HikariPool-1 - Shutdown initiated...
2019-08-09 13:28:59.166  INFO 14576 --- [main] c.z.h.HikariDataSource                   : HikariPool-1 - Shutdown completed.
2019-08-09 13:29:04.069  INFO 18272 --- [RMI TCP Connection(14)-127.0.0.1] inMXBeanRegistrar$SpringApplicationAdmin : Application shutdown requested.
2019-08-09 13:29:04.074  INFO 18272 --- [RMI TCP Connection(14)-127.0.0.1] o.s.s.c.ThreadPoolTaskExecutor           : Shutting down ExecutorService 'applicationTaskExecutor'
2019-08-09 13:29:04.074  INFO 18272 --- [RMI TCP Connection(14)-127.0.0.1] j.LocalContainerEntityManagerFactoryBean : Closing JPA EntityManagerFactory for persistence unit 'default'
2019-08-09 13:29:04.074  INFO 18272 --- [RMI TCP Connection(14)-127.0.0.1] c.z.h.HikariDataSource                   : HikariPool-1 - Shutdown initiated...
2019-08-09 13:29:04.090  INFO 18272 --- [RMI TCP Connection(14)-127.0.0.1] c.z.h.HikariDataSource                   : HikariPool-1 - Shutdown completed.
2019-08-09 13:29:12.368  INFO 19048 --- [main] c.i.e.ElektronskiDnevnikApplication      : Starting ElektronskiDnevnikApplication on DESKTOP-8R6MLJQ with PID 19048 (C:\Users\HP\Documents\workspace-sts-3.9.8.RELEASE\elektronski_dnevnik\target\classes started by HP in C:\Users\HP\Documents\workspace-sts-3.9.8.RELEASE\elektronski_dnevnik)
2019-08-09 13:29:12.368  INFO 19048 --- [main] c.i.e.ElektronskiDnevnikApplication      : No active profile set, falling back to default profiles: default
2019-08-09 13:29:13.368  INFO 19048 --- [main] .s.d.r.c.RepositoryConfigurationDelegate : Bootstrapping Spring Data repositories in DEFAULT mode.
2019-08-09 13:29:13.468  INFO 19048 --- [main] .s.d.r.c.RepositoryConfigurationDelegate : Finished Spring Data repository scanning in 94ms. Found 1 repository interfaces.
2019-08-09 13:29:13.953  INFO 19048 --- [main] trationDelegate$BeanPostProcessorChecker : Bean 'org.springframework.transaction.annotation.ProxyTransactionManagementConfiguration' of type [org.springframework.transaction.annotation.ProxyTransactionManagementConfiguration$$EnhancerBySpringCGLIB$$4783b9b1] is not eligible for getting processed by all BeanPostProcessors (for example: not eligible for auto-proxying)
2019-08-09 13:29:13.999  INFO 19048 --- [main] trationDelegate$BeanPostProcessorChecker : Bean 'org.springframework.security.config.annotation.configuration.ObjectPostProcessorConfiguration' of type [org.springframework.security.config.annotation.configuration.ObjectPostProcessorConfiguration$$EnhancerBySpringCGLIB$$e03181eb] is not eligible for getting processed by all BeanPostProcessors (for example: not eligible for auto-proxying)
2019-08-09 13:29:14.015  INFO 19048 --- [main] trationDelegate$BeanPostProcessorChecker : Bean 'objectPostProcessor' of type [org.springframework.security.config.annotation.configuration.AutowireBeanFactoryObjectPostProcessor] is not eligible for getting processed by all BeanPostProcessors (for example: not eligible for auto-proxying)
2019-08-09 13:29:14.015  INFO 19048 --- [main] trationDelegate$BeanPostProcessorChecker : Bean 'org.springframework.security.access.expression.method.DefaultMethodSecurityExpressionHandler@21f9277b' of type [org.springframework.security.access.expression.method.DefaultMethodSecurityExpressionHandler] is not eligible for getting processed by all BeanPostProcessors (for example: not eligible for auto-proxying)
2019-08-09 13:29:14.031  INFO 19048 --- [main] trationDelegate$BeanPostProcessorChecker : Bean 'org.springframework.security.config.annotation.method.configuration.GlobalMethodSecurityConfiguration' of type [org.springframework.security.config.annotation.method.configuration.GlobalMethodSecurityConfiguration$$EnhancerBySpringCGLIB$$506249d] is not eligible for getting processed by all BeanPostProcessors (for example: not eligible for auto-proxying)
2019-08-09 13:29:14.031  INFO 19048 --- [main] trationDelegate$BeanPostProcessorChecker : Bean 'methodSecurityMetadataSource' of type [org.springframework.security.access.method.DelegatingMethodSecurityMetadataSource] is not eligible for getting processed by all BeanPostProcessors (for example: not eligible for auto-proxying)
2019-08-09 13:29:14.468  INFO 19048 --- [main] o.s.b.w.e.t.TomcatWebServer              : Tomcat initialized with port(s): 8080 (http)
2019-08-09 13:29:14.490  INFO 19048 --- [main] o.a.c.c.StandardService                  : Starting service [Tomcat]
2019-08-09 13:29:14.505  INFO 19048 --- [main] o.a.c.c.StandardEngine                   : Starting Servlet engine: [Apache Tomcat/9.0.17]
2019-08-09 13:29:14.693  INFO 19048 --- [main] o.a.c.c.C.[.[.[/]                        : Initializing Spring embedded WebApplicationContext
2019-08-09 13:29:14.693  INFO 19048 --- [main] o.s.w.c.ContextLoader                    : Root WebApplicationContext: initialization completed in 2200 ms
2019-08-09 13:29:15.014  INFO 19048 --- [main] c.z.h.HikariDataSource                   : HikariPool-1 - Starting...
2019-08-09 13:29:15.014  WARN 19048 --- [main] c.z.h.u.DriverDataSource                 : Registered driver with driverClassName=com.mysql.jdbc.Driver was not found, trying direct instantiation.
2019-08-09 13:29:16.107  INFO 19048 --- [main] c.z.h.HikariDataSource                   : HikariPool-1 - Start completed.
2019-08-09 13:29:16.175  INFO 19048 --- [main] o.h.j.i.u.LogHelper                      : HHH000204: Processing PersistenceUnitInfo [
	name: default
	...]
2019-08-09 13:29:16.316  INFO 19048 --- [main] o.h.Version                              : HHH000412: Hibernate Core {5.3.9.Final}
2019-08-09 13:29:16.316  INFO 19048 --- [main] o.h.c.Environment                        : HHH000206: hibernate.properties not found
2019-08-09 13:29:16.535  INFO 19048 --- [main] o.h.a.c.Version                          : HCANN000001: Hibernate Commons Annotations {5.0.4.Final}
2019-08-09 13:29:16.738  INFO 19048 --- [main] o.h.d.Dialect                            : HHH000400: Using dialect: org.hibernate.dialect.MySQL5Dialect
2019-08-09 13:29:17.925  INFO 19048 --- [main] o.h.t.PojoInstantiator                   : HHH000182: No default (no-argument) constructor for class: com.iktpreobuka.elektronskidnevnik.entities.ParentEntity (class must be instantiated by Interceptor)
2019-08-09 13:29:17.998  INFO 19048 --- [main] o.h.t.PojoInstantiator                   : HHH000182: No default (no-argument) constructor for class: com.iktpreobuka.elektronskidnevnik.entities.StudentEntity (class must be instantiated by Interceptor)
2019-08-09 13:29:18.076  INFO 19048 --- [main] o.h.t.PojoInstantiator                   : HHH000182: No default (no-argument) constructor for class: com.iktpreobuka.elektronskidnevnik.entities.TeacherEntity (class must be instantiated by Interceptor)
2019-08-09 13:29:20.264  INFO 19048 --- [main] j.LocalContainerEntityManagerFactoryBean : Initialized JPA EntityManagerFactory for persistence unit 'default'
2019-08-09 13:29:20.937  INFO 19048 --- [main] o.s.s.w.DefaultSecurityFilterChain       : Creating filter chain: any request, [org.springframework.security.web.context.request.async.WebAsyncManagerIntegrationFilter@3c27f72, org.springframework.security.web.context.SecurityContextPersistenceFilter@4269aad7, org.springframework.security.web.header.HeaderWriterFilter@5a6f6cac, org.springframework.security.web.authentication.logout.LogoutFilter@7f2c995b, org.springframework.security.web.authentication.www.BasicAuthenticationFilter@41be8db9, org.springframework.security.web.savedrequest.RequestCacheAwareFilter@71e7830a, org.springframework.security.web.servletapi.SecurityContextHolderAwareRequestFilter@6abb7b7d, org.springframework.security.web.authentication.AnonymousAuthenticationFilter@5cbe95b1, org.springframework.security.web.session.SessionManagementFilter@3e98b933, org.springframework.security.web.access.ExceptionTranslationFilter@11bdab37, org.springframework.security.web.access.intercept.FilterSecurityInterceptor@5f6a8efe]
2019-08-09 13:29:21.172  INFO 19048 --- [main] o.s.s.c.ThreadPoolTaskExecutor           : Initializing ExecutorService 'applicationTaskExecutor'
2019-08-09 13:29:21.218  WARN 19048 --- [main] aWebConfiguration$JpaWebMvcConfiguration : spring.jpa.open-in-view is enabled by default. Therefore, database queries may be performed during view rendering. Explicitly configure spring.jpa.open-in-view to disable this warning
2019-08-09 13:29:21.500  INFO 19048 --- [main] o.s.b.w.e.t.TomcatWebServer              : Tomcat started on port(s): 8080 (http) with context path ''
2019-08-09 13:29:21.507  INFO 19048 --- [main] c.i.e.ElektronskiDnevnikApplication      : Started ElektronskiDnevnikApplication in 9.745 seconds (JVM running for 11.165)
2019-08-09 13:30:41.530  INFO 19048 --- [RMI TCP Connection(10)-127.0.0.1] inMXBeanRegistrar$SpringApplicationAdmin : Application shutdown requested.
2019-08-09 13:30:41.544  INFO 19048 --- [RMI TCP Connection(10)-127.0.0.1] o.s.s.c.ThreadPoolTaskExecutor           : Shutting down ExecutorService 'applicationTaskExecutor'
2019-08-09 13:30:41.544  INFO 19048 --- [RMI TCP Connection(10)-127.0.0.1] j.LocalContainerEntityManagerFactoryBean : Closing JPA EntityManagerFactory for persistence unit 'default'
2019-08-09 13:30:41.544  INFO 19048 --- [RMI TCP Connection(10)-127.0.0.1] c.z.h.HikariDataSource                   : HikariPool-1 - Shutdown initiated...
2019-08-09 13:30:41.997  INFO 19048 --- [RMI TCP Connection(10)-127.0.0.1] c.z.h.HikariDataSource                   : HikariPool-1 - Shutdown completed.
2019-08-09 13:36:26.195  INFO 6664 --- [main] c.i.e.ElektronskiDnevnikApplication      : Starting ElektronskiDnevnikApplication on DESKTOP-8R6MLJQ with PID 6664 (C:\Users\HP\Documents\workspace-sts-3.9.8.RELEASE\elektronski_dnevnik\target\classes started by HP in C:\Users\HP\Documents\workspace-sts-3.9.8.RELEASE\elektronski_dnevnik)
2019-08-09 13:36:26.211  INFO 6664 --- [main] c.i.e.ElektronskiDnevnikApplication      : No active profile set, falling back to default profiles: default
2019-08-09 13:36:27.227  INFO 6664 --- [main] .s.d.r.c.RepositoryConfigurationDelegate : Bootstrapping Spring Data repositories in DEFAULT mode.
2019-08-09 13:36:27.325  INFO 6664 --- [main] .s.d.r.c.RepositoryConfigurationDelegate : Finished Spring Data repository scanning in 94ms. Found 1 repository interfaces.
2019-08-09 13:36:27.825  INFO 6664 --- [main] trationDelegate$BeanPostProcessorChecker : Bean 'org.springframework.transaction.annotation.ProxyTransactionManagementConfiguration' of type [org.springframework.transaction.annotation.ProxyTransactionManagementConfiguration$$EnhancerBySpringCGLIB$$bbae3f60] is not eligible for getting processed by all BeanPostProcessors (for example: not eligible for auto-proxying)
2019-08-09 13:36:27.872  INFO 6664 --- [main] trationDelegate$BeanPostProcessorChecker : Bean 'org.springframework.security.config.annotation.configuration.ObjectPostProcessorConfiguration' of type [org.springframework.security.config.annotation.configuration.ObjectPostProcessorConfiguration$$EnhancerBySpringCGLIB$$545c079a] is not eligible for getting processed by all BeanPostProcessors (for example: not eligible for auto-proxying)
2019-08-09 13:36:27.872  INFO 6664 --- [main] trationDelegate$BeanPostProcessorChecker : Bean 'objectPostProcessor' of type [org.springframework.security.config.annotation.configuration.AutowireBeanFactoryObjectPostProcessor] is not eligible for getting processed by all BeanPostProcessors (for example: not eligible for auto-proxying)
2019-08-09 13:36:27.887  INFO 6664 --- [main] trationDelegate$BeanPostProcessorChecker : Bean 'org.springframework.security.access.expression.method.DefaultMethodSecurityExpressionHandler@1c025cb' of type [org.springframework.security.access.expression.method.DefaultMethodSecurityExpressionHandler] is not eligible for getting processed by all BeanPostProcessors (for example: not eligible for auto-proxying)
2019-08-09 13:36:27.887  INFO 6664 --- [main] trationDelegate$BeanPostProcessorChecker : Bean 'org.springframework.security.config.annotation.method.configuration.GlobalMethodSecurityConfiguration' of type [org.springframework.security.config.annotation.method.configuration.GlobalMethodSecurityConfiguration$$EnhancerBySpringCGLIB$$7930aa4c] is not eligible for getting processed by all BeanPostProcessors (for example: not eligible for auto-proxying)
2019-08-09 13:36:27.887  INFO 6664 --- [main] trationDelegate$BeanPostProcessorChecker : Bean 'methodSecurityMetadataSource' of type [org.springframework.security.access.method.DelegatingMethodSecurityMetadataSource] is not eligible for getting processed by all BeanPostProcessors (for example: not eligible for auto-proxying)
2019-08-09 13:36:28.325  INFO 6664 --- [main] o.s.b.w.e.t.TomcatWebServer              : Tomcat initialized with port(s): 8080 (http)
2019-08-09 13:36:28.374  INFO 6664 --- [main] o.a.c.c.StandardService                  : Starting service [Tomcat]
2019-08-09 13:36:28.374  INFO 6664 --- [main] o.a.c.c.StandardEngine                   : Starting Servlet engine: [Apache Tomcat/9.0.17]
2019-08-09 13:36:28.577  INFO 6664 --- [main] o.a.c.c.C.[.[.[/]                        : Initializing Spring embedded WebApplicationContext
2019-08-09 13:36:28.577  INFO 6664 --- [main] o.s.w.c.ContextLoader                    : Root WebApplicationContext: initialization completed in 2241 ms
2019-08-09 13:36:28.896  INFO 6664 --- [main] c.z.h.HikariDataSource                   : HikariPool-1 - Starting...
2019-08-09 13:36:28.896  WARN 6664 --- [main] c.z.h.u.DriverDataSource                 : Registered driver with driverClassName=com.mysql.jdbc.Driver was not found, trying direct instantiation.
2019-08-09 13:36:29.775  INFO 6664 --- [main] c.z.h.HikariDataSource                   : HikariPool-1 - Start completed.
2019-08-09 13:36:29.843  INFO 6664 --- [main] o.h.j.i.u.LogHelper                      : HHH000204: Processing PersistenceUnitInfo [
	name: default
	...]
2019-08-09 13:36:30.015  INFO 6664 --- [main] o.h.Version                              : HHH000412: Hibernate Core {5.3.9.Final}
2019-08-09 13:36:30.030  INFO 6664 --- [main] o.h.c.Environment                        : HHH000206: hibernate.properties not found
2019-08-09 13:36:30.249  INFO 6664 --- [main] o.h.a.c.Version                          : HCANN000001: Hibernate Commons Annotations {5.0.4.Final}
2019-08-09 13:36:30.484  INFO 6664 --- [main] o.h.d.Dialect                            : HHH000400: Using dialect: org.hibernate.dialect.MySQL5Dialect
2019-08-09 13:36:31.624  INFO 6664 --- [main] o.h.t.PojoInstantiator                   : HHH000182: No default (no-argument) constructor for class: com.iktpreobuka.elektronskidnevnik.entities.ParentEntity (class must be instantiated by Interceptor)
2019-08-09 13:36:31.666  INFO 6664 --- [main] o.h.t.PojoInstantiator                   : HHH000182: No default (no-argument) constructor for class: com.iktpreobuka.elektronskidnevnik.entities.StudentEntity (class must be instantiated by Interceptor)
2019-08-09 13:36:31.744  INFO 6664 --- [main] o.h.t.PojoInstantiator                   : HHH000182: No default (no-argument) constructor for class: com.iktpreobuka.elektronskidnevnik.entities.TeacherEntity (class must be instantiated by Interceptor)
2019-08-09 13:36:33.936  INFO 6664 --- [main] j.LocalContainerEntityManagerFactoryBean : Initialized JPA EntityManagerFactory for persistence unit 'default'
2019-08-09 13:36:34.647  INFO 6664 --- [main] o.s.s.w.DefaultSecurityFilterChain       : Creating filter chain: any request, [org.springframework.security.web.context.request.async.WebAsyncManagerIntegrationFilter@3de8f85c, org.springframework.security.web.context.SecurityContextPersistenceFilter@6253e59a, org.springframework.security.web.header.HeaderWriterFilter@778113f2, org.springframework.security.web.authentication.logout.LogoutFilter@254e9709, org.springframework.security.web.authentication.www.BasicAuthenticationFilter@3d53e876, org.springframework.security.web.savedrequest.RequestCacheAwareFilter@16ccd2bc, org.springframework.security.web.servletapi.SecurityContextHolderAwareRequestFilter@1c171746, org.springframework.security.web.authentication.AnonymousAuthenticationFilter@21abda60, org.springframework.security.web.session.SessionManagementFilter@61e14b53, org.springframework.security.web.access.ExceptionTranslationFilter@38054d01, org.springframework.security.web.access.intercept.FilterSecurityInterceptor@56b05bd7]
2019-08-09 13:36:34.882  INFO 6664 --- [main] o.s.s.c.ThreadPoolTaskExecutor           : Initializing ExecutorService 'applicationTaskExecutor'
2019-08-09 13:36:34.929  WARN 6664 --- [main] aWebConfiguration$JpaWebMvcConfiguration : spring.jpa.open-in-view is enabled by default. Therefore, database queries may be performed during view rendering. Explicitly configure spring.jpa.open-in-view to disable this warning
2019-08-09 13:36:35.322  INFO 6664 --- [main] o.s.b.w.e.t.TomcatWebServer              : Tomcat started on port(s): 8080 (http) with context path ''
2019-08-09 13:36:35.322  INFO 6664 --- [main] c.i.e.ElektronskiDnevnikApplication      : Started ElektronskiDnevnikApplication in 9.757 seconds (JVM running for 11.197)
2019-08-09 13:36:42.541  INFO 6664 --- [http-nio-8080-exec-2] o.a.c.c.C.[.[.[/]                        : Initializing Spring DispatcherServlet 'dispatcherServlet'
2019-08-09 13:36:42.541  INFO 6664 --- [http-nio-8080-exec-2] o.s.w.s.DispatcherServlet                : Initializing Servlet 'dispatcherServlet'
2019-08-09 13:36:42.560  INFO 6664 --- [http-nio-8080-exec-2] o.s.w.s.DispatcherServlet                : Completed initialization in 17 ms
2019-08-09 13:36:42.868 ERROR 6664 --- [http-nio-8080-exec-2] c.i.e.c.AuthenticationEntryPoint         : Unauthorized attempt
2019-08-09 13:37:38.407 ERROR 6664 --- [http-nio-8080-exec-3] c.i.e.c.AuthenticationEntryPoint         : Unauthorized attempt
2019-08-09 13:37:49.051 ERROR 6664 --- [http-nio-8080-exec-4] c.i.e.c.AuthenticationEntryPoint         : Unauthorized attempt
2019-08-09 14:10:59.792  WARN 6664 --- [HikariPool-1 housekeeper] c.z.h.p.HikariPool                       : HikariPool-1 - Thread starvation or clock leap detected (housekeeper delta=9m29s569ms805s662ns).
2019-08-09 18:34:17.886  WARN 6664 --- [HikariPool-1 housekeeper] c.z.h.p.HikariPool                       : HikariPool-1 - Thread starvation or clock leap detected (housekeeper delta=4h23m23s766ms834s119ns).
2019-08-09 18:46:03.393  INFO 18116 --- [main] c.i.e.ElektronskiDnevnikApplication      : Starting ElektronskiDnevnikApplication on DESKTOP-8R6MLJQ with PID 18116 (C:\Users\HP\Documents\workspace-sts-3.9.8.RELEASE\elektronski_dnevnik\target\classes started by HP in C:\Users\HP\Documents\workspace-sts-3.9.8.RELEASE\elektronski_dnevnik)
2019-08-09 18:46:03.471  INFO 18116 --- [main] c.i.e.ElektronskiDnevnikApplication      : No active profile set, falling back to default profiles: default
2019-08-09 18:46:04.643  INFO 18116 --- [main] .s.d.r.c.RepositoryConfigurationDelegate : Bootstrapping Spring Data repositories in DEFAULT mode.
2019-08-09 18:46:04.779  INFO 18116 --- [main] .s.d.r.c.RepositoryConfigurationDelegate : Finished Spring Data repository scanning in 125ms. Found 1 repository interfaces.
2019-08-09 18:46:05.389  INFO 18116 --- [main] trationDelegate$BeanPostProcessorChecker : Bean 'org.springframework.transaction.annotation.ProxyTransactionManagementConfiguration' of type [org.springframework.transaction.annotation.ProxyTransactionManagementConfiguration$$EnhancerBySpringCGLIB$$995485fb] is not eligible for getting processed by all BeanPostProcessors (for example: not eligible for auto-proxying)
2019-08-09 18:46:05.451  INFO 18116 --- [main] trationDelegate$BeanPostProcessorChecker : Bean 'org.springframework.security.config.annotation.configuration.ObjectPostProcessorConfiguration' of type [org.springframework.security.config.annotation.configuration.ObjectPostProcessorConfiguration$$EnhancerBySpringCGLIB$$32024e35] is not eligible for getting processed by all BeanPostProcessors (for example: not eligible for auto-proxying)
2019-08-09 18:46:05.451  INFO 18116 --- [main] trationDelegate$BeanPostProcessorChecker : Bean 'objectPostProcessor' of type [org.springframework.security.config.annotation.configuration.AutowireBeanFactoryObjectPostProcessor] is not eligible for getting processed by all BeanPostProcessors (for example: not eligible for auto-proxying)
2019-08-09 18:46:05.467  INFO 18116 --- [main] trationDelegate$BeanPostProcessorChecker : Bean 'org.springframework.security.access.expression.method.DefaultMethodSecurityExpressionHandler@5e3a39cd' of type [org.springframework.security.access.expression.method.DefaultMethodSecurityExpressionHandler] is not eligible for getting processed by all BeanPostProcessors (for example: not eligible for auto-proxying)
2019-08-09 18:46:05.467  INFO 18116 --- [main] trationDelegate$BeanPostProcessorChecker : Bean 'org.springframework.security.config.annotation.method.configuration.GlobalMethodSecurityConfiguration' of type [org.springframework.security.config.annotation.method.configuration.GlobalMethodSecurityConfiguration$$EnhancerBySpringCGLIB$$56d6f0e7] is not eligible for getting processed by all BeanPostProcessors (for example: not eligible for auto-proxying)
2019-08-09 18:46:05.482  INFO 18116 --- [main] trationDelegate$BeanPostProcessorChecker : Bean 'methodSecurityMetadataSource' of type [org.springframework.security.access.method.DelegatingMethodSecurityMetadataSource] is not eligible for getting processed by all BeanPostProcessors (for example: not eligible for auto-proxying)
2019-08-09 18:46:08.373  INFO 18116 --- [main] o.s.b.w.e.t.TomcatWebServer              : Tomcat initialized with port(s): 8080 (http)
2019-08-09 18:46:08.438  INFO 18116 --- [main] o.a.c.c.StandardService                  : Starting service [Tomcat]
2019-08-09 18:46:08.438  INFO 18116 --- [main] o.a.c.c.StandardEngine                   : Starting Servlet engine: [Apache Tomcat/9.0.17]
2019-08-09 18:46:09.813  INFO 18116 --- [main] o.a.c.c.C.[.[.[/]                        : Initializing Spring embedded WebApplicationContext
2019-08-09 18:46:09.823  INFO 18116 --- [main] o.s.w.c.ContextLoader                    : Root WebApplicationContext: initialization completed in 6258 ms
2019-08-09 18:46:10.118  INFO 18116 --- [main] c.z.h.HikariDataSource                   : HikariPool-1 - Starting...
2019-08-09 18:46:10.118  WARN 18116 --- [main] c.z.h.u.DriverDataSource                 : Registered driver with driverClassName=com.mysql.jdbc.Driver was not found, trying direct instantiation.
2019-08-09 18:46:11.508  INFO 18116 --- [main] c.z.h.HikariDataSource                   : HikariPool-1 - Start completed.
2019-08-09 18:46:11.649  INFO 18116 --- [main] o.h.j.i.u.LogHelper                      : HHH000204: Processing PersistenceUnitInfo [
	name: default
	...]
2019-08-09 18:46:11.821  INFO 18116 --- [main] o.h.Version                              : HHH000412: Hibernate Core {5.3.9.Final}
2019-08-09 18:46:11.821  INFO 18116 --- [main] o.h.c.Environment                        : HHH000206: hibernate.properties not found
2019-08-09 18:46:12.071  INFO 18116 --- [main] o.h.a.c.Version                          : HCANN000001: Hibernate Commons Annotations {5.0.4.Final}
2019-08-09 18:46:12.321  INFO 18116 --- [main] o.h.d.Dialect                            : HHH000400: Using dialect: org.hibernate.dialect.MySQL5Dialect
2019-08-09 18:46:15.227  INFO 18116 --- [main] j.LocalContainerEntityManagerFactoryBean : Initialized JPA EntityManagerFactory for persistence unit 'default'
2019-08-09 18:46:15.972  INFO 18116 --- [main] o.s.s.w.DefaultSecurityFilterChain       : Creating filter chain: any request, [org.springframework.security.web.context.request.async.WebAsyncManagerIntegrationFilter@4db728df, org.springframework.security.web.context.SecurityContextPersistenceFilter@15f519f7, org.springframework.security.web.header.HeaderWriterFilter@57b1ec84, org.springframework.security.web.authentication.logout.LogoutFilter@50b4364, org.springframework.security.web.authentication.www.BasicAuthenticationFilter@ff5d4f1, org.springframework.security.web.savedrequest.RequestCacheAwareFilter@65af05b2, org.springframework.security.web.servletapi.SecurityContextHolderAwareRequestFilter@e06ec83, org.springframework.security.web.authentication.AnonymousAuthenticationFilter@b0d3e7, org.springframework.security.web.session.SessionManagementFilter@2211b44f, org.springframework.security.web.access.ExceptionTranslationFilter@1de85972, org.springframework.security.web.access.intercept.FilterSecurityInterceptor@4cd7e993]
2019-08-09 18:46:16.222  INFO 18116 --- [main] o.s.s.c.ThreadPoolTaskExecutor           : Initializing ExecutorService 'applicationTaskExecutor'
2019-08-09 18:46:16.269  WARN 18116 --- [main] aWebConfiguration$JpaWebMvcConfiguration : spring.jpa.open-in-view is enabled by default. Therefore, database queries may be performed during view rendering. Explicitly configure spring.jpa.open-in-view to disable this warning
2019-08-09 18:46:16.562 ERROR 18116 --- [main] o.a.c.u.LifecycleBase                    : Failed to start component [Connector[HTTP/1.1-8080]]

org.apache.catalina.LifecycleException: Protocol handler start failed
	at org.apache.catalina.connector.Connector.startInternal(Connector.java:1008) ~[tomcat-embed-core-9.0.17.jar:9.0.17]
	at org.apache.catalina.util.LifecycleBase.start(LifecycleBase.java:183) [tomcat-embed-core-9.0.17.jar:9.0.17]
	at org.apache.catalina.core.StandardService.addConnector(StandardService.java:226) [tomcat-embed-core-9.0.17.jar:9.0.17]
	at org.springframework.boot.web.embedded.tomcat.TomcatWebServer.addPreviouslyRemovedConnectors(TomcatWebServer.java:259) [spring-boot-2.1.4.RELEASE.jar:2.1.4.RELEASE]
	at org.springframework.boot.web.embedded.tomcat.TomcatWebServer.start(TomcatWebServer.java:197) [spring-boot-2.1.4.RELEASE.jar:2.1.4.RELEASE]
	at org.springframework.boot.web.servlet.context.ServletWebServerApplicationContext.startWebServer(ServletWebServerApplicationContext.java:311) [spring-boot-2.1.4.RELEASE.jar:2.1.4.RELEASE]
	at org.springframework.boot.web.servlet.context.ServletWebServerApplicationContext.finishRefresh(ServletWebServerApplicationContext.java:164) [spring-boot-2.1.4.RELEASE.jar:2.1.4.RELEASE]
	at org.springframework.context.support.AbstractApplicationContext.refresh(AbstractApplicationContext.java:552) [spring-context-5.1.6.RELEASE.jar:5.1.6.RELEASE]
	at org.springframework.boot.web.servlet.context.ServletWebServerApplicationContext.refresh(ServletWebServerApplicationContext.java:142) [spring-boot-2.1.4.RELEASE.jar:2.1.4.RELEASE]
	at org.springframework.boot.SpringApplication.refresh(SpringApplication.java:775) [spring-boot-2.1.4.RELEASE.jar:2.1.4.RELEASE]
	at org.springframework.boot.SpringApplication.refreshContext(SpringApplication.java:397) [spring-boot-2.1.4.RELEASE.jar:2.1.4.RELEASE]
	at org.springframework.boot.SpringApplication.run(SpringApplication.java:316) [spring-boot-2.1.4.RELEASE.jar:2.1.4.RELEASE]
	at org.springframework.boot.SpringApplication.run(SpringApplication.java:1260) [spring-boot-2.1.4.RELEASE.jar:2.1.4.RELEASE]
	at org.springframework.boot.SpringApplication.run(SpringApplication.java:1248) [spring-boot-2.1.4.RELEASE.jar:2.1.4.RELEASE]
	at com.iktpreobuka.elektronskidnevnik.ElektronskiDnevnikApplication.main(ElektronskiDnevnikApplication.java:12) [classes/:?]
Caused by: java.net.BindException: Address already in use: bind
	at sun.nio.ch.Net.bind0(Native Method) ~[?:1.8.0_211]
	at sun.nio.ch.Net.bind(Unknown Source) ~[?:1.8.0_211]
	at sun.nio.ch.Net.bind(Unknown Source) ~[?:1.8.0_211]
	at sun.nio.ch.ServerSocketChannelImpl.bind(Unknown Source) ~[?:1.8.0_211]
	at sun.nio.ch.ServerSocketAdaptor.bind(Unknown Source) ~[?:1.8.0_211]
	at org.apache.tomcat.util.net.NioEndpoint.initServerSocket(NioEndpoint.java:236) ~[tomcat-embed-core-9.0.17.jar:9.0.17]
	at org.apache.tomcat.util.net.NioEndpoint.bind(NioEndpoint.java:210) ~[tomcat-embed-core-9.0.17.jar:9.0.17]
	at org.apache.tomcat.util.net.AbstractEndpoint.bindWithCleanup(AbstractEndpoint.java:1103) ~[tomcat-embed-core-9.0.17.jar:9.0.17]
	at org.apache.tomcat.util.net.AbstractEndpoint.start(AbstractEndpoint.java:1189) ~[tomcat-embed-core-9.0.17.jar:9.0.17]
	at org.apache.coyote.AbstractProtocol.start(AbstractProtocol.java:568) ~[tomcat-embed-core-9.0.17.jar:9.0.17]
	at org.apache.catalina.connector.Connector.startInternal(Connector.java:1005) ~[tomcat-embed-core-9.0.17.jar:9.0.17]
	... 14 more

2019-08-09 18:46:16.874  INFO 18116 --- [main] o.a.c.c.StandardService                  : Stopping service [Tomcat]
2019-08-09 18:46:16.890  INFO 18116 --- [main] ConditionEvaluationReportLoggingListener : 

Error starting ApplicationContext. To display the conditions report re-run your application with 'debug' enabled.
2019-08-09 18:46:16.890 ERROR 18116 --- [main] o.s.b.d.LoggingFailureAnalysisReporter   : 

***************************
APPLICATION FAILED TO START
***************************

Description:

The Tomcat connector configured to listen on port 8080 failed to start. The port may already be in use or the connector may be misconfigured.

Action:

Verify the connector's configuration, identify and stop any process that's listening on port 8080, or configure this application to listen on another port.

2019-08-09 18:46:16.905  INFO 18116 --- [main] o.s.s.c.ThreadPoolTaskExecutor           : Shutting down ExecutorService 'applicationTaskExecutor'
2019-08-09 18:46:16.905  INFO 18116 --- [main] j.LocalContainerEntityManagerFactoryBean : Closing JPA EntityManagerFactory for persistence unit 'default'
2019-08-09 18:46:16.905  INFO 18116 --- [main] c.z.h.HikariDataSource                   : HikariPool-1 - Shutdown initiated...
2019-08-09 18:46:16.921  INFO 18116 --- [main] c.z.h.HikariDataSource                   : HikariPool-1 - Shutdown completed.
2019-08-09 18:46:24.326  INFO 6664 --- [RMI TCP Connection(49)-127.0.0.1] inMXBeanRegistrar$SpringApplicationAdmin : Application shutdown requested.
2019-08-09 18:46:24.330  INFO 6664 --- [RMI TCP Connection(49)-127.0.0.1] o.s.s.c.ThreadPoolTaskExecutor           : Shutting down ExecutorService 'applicationTaskExecutor'
2019-08-09 18:46:24.330  INFO 6664 --- [RMI TCP Connection(49)-127.0.0.1] j.LocalContainerEntityManagerFactoryBean : Closing JPA EntityManagerFactory for persistence unit 'default'
2019-08-09 18:46:24.330  INFO 6664 --- [RMI TCP Connection(49)-127.0.0.1] c.z.h.HikariDataSource                   : HikariPool-1 - Shutdown initiated...
2019-08-09 18:46:24.346  INFO 6664 --- [RMI TCP Connection(49)-127.0.0.1] c.z.h.HikariDataSource                   : HikariPool-1 - Shutdown completed.
2019-08-09 18:46:29.951  INFO 19096 --- [main] c.i.e.ElektronskiDnevnikApplication      : Starting ElektronskiDnevnikApplication on DESKTOP-8R6MLJQ with PID 19096 (C:\Users\HP\Documents\workspace-sts-3.9.8.RELEASE\elektronski_dnevnik\target\classes started by HP in C:\Users\HP\Documents\workspace-sts-3.9.8.RELEASE\elektronski_dnevnik)
2019-08-09 18:46:29.967  INFO 19096 --- [main] c.i.e.ElektronskiDnevnikApplication      : No active profile set, falling back to default profiles: default
2019-08-09 18:46:31.045  INFO 19096 --- [main] .s.d.r.c.RepositoryConfigurationDelegate : Bootstrapping Spring Data repositories in DEFAULT mode.
2019-08-09 18:46:31.152  INFO 19096 --- [main] .s.d.r.c.RepositoryConfigurationDelegate : Finished Spring Data repository scanning in 93ms. Found 1 repository interfaces.
2019-08-09 18:46:31.684  INFO 19096 --- [main] trationDelegate$BeanPostProcessorChecker : Bean 'org.springframework.transaction.annotation.ProxyTransactionManagementConfiguration' of type [org.springframework.transaction.annotation.ProxyTransactionManagementConfiguration$$EnhancerBySpringCGLIB$$12c1bb6f] is not eligible for getting processed by all BeanPostProcessors (for example: not eligible for auto-proxying)
2019-08-09 18:46:31.746  INFO 19096 --- [main] trationDelegate$BeanPostProcessorChecker : Bean 'org.springframework.security.config.annotation.configuration.ObjectPostProcessorConfiguration' of type [org.springframework.security.config.annotation.configuration.ObjectPostProcessorConfiguration$$EnhancerBySpringCGLIB$$ab6f83a9] is not eligible for getting processed by all BeanPostProcessors (for example: not eligible for auto-proxying)
2019-08-09 18:46:31.762  INFO 19096 --- [main] trationDelegate$BeanPostProcessorChecker : Bean 'objectPostProcessor' of type [org.springframework.security.config.annotation.configuration.AutowireBeanFactoryObjectPostProcessor] is not eligible for getting processed by all BeanPostProcessors (for example: not eligible for auto-proxying)
2019-08-09 18:46:31.762  INFO 19096 --- [main] trationDelegate$BeanPostProcessorChecker : Bean 'org.springframework.security.access.expression.method.DefaultMethodSecurityExpressionHandler@1c025cb' of type [org.springframework.security.access.expression.method.DefaultMethodSecurityExpressionHandler] is not eligible for getting processed by all BeanPostProcessors (for example: not eligible for auto-proxying)
2019-08-09 18:46:31.762  INFO 19096 --- [main] trationDelegate$BeanPostProcessorChecker : Bean 'org.springframework.security.config.annotation.method.configuration.GlobalMethodSecurityConfiguration' of type [org.springframework.security.config.annotation.method.configuration.GlobalMethodSecurityConfiguration$$EnhancerBySpringCGLIB$$d044265b] is not eligible for getting processed by all BeanPostProcessors (for example: not eligible for auto-proxying)
2019-08-09 18:46:31.777  INFO 19096 --- [main] trationDelegate$BeanPostProcessorChecker : Bean 'methodSecurityMetadataSource' of type [org.springframework.security.access.method.DelegatingMethodSecurityMetadataSource] is not eligible for getting processed by all BeanPostProcessors (for example: not eligible for auto-proxying)
2019-08-09 18:46:32.199  INFO 19096 --- [main] o.s.b.w.e.t.TomcatWebServer              : Tomcat initialized with port(s): 8080 (http)
2019-08-09 18:46:32.245  INFO 19096 --- [main] o.a.c.c.StandardService                  : Starting service [Tomcat]
2019-08-09 18:46:32.245  INFO 19096 --- [main] o.a.c.c.StandardEngine                   : Starting Servlet engine: [Apache Tomcat/9.0.17]
2019-08-09 18:46:32.432  INFO 19096 --- [main] o.a.c.c.C.[.[.[/]                        : Initializing Spring embedded WebApplicationContext
2019-08-09 18:46:32.432  INFO 19096 --- [main] o.s.w.c.ContextLoader                    : Root WebApplicationContext: initialization completed in 2325 ms
2019-08-09 18:46:32.727  INFO 19096 --- [main] c.z.h.HikariDataSource                   : HikariPool-1 - Starting...
2019-08-09 18:46:32.743  WARN 19096 --- [main] c.z.h.u.DriverDataSource                 : Registered driver with driverClassName=com.mysql.jdbc.Driver was not found, trying direct instantiation.
2019-08-09 18:46:33.571  INFO 19096 --- [main] c.z.h.HikariDataSource                   : HikariPool-1 - Start completed.
2019-08-09 18:46:33.640  INFO 19096 --- [main] o.h.j.i.u.LogHelper                      : HHH000204: Processing PersistenceUnitInfo [
	name: default
	...]
2019-08-09 18:46:33.781  INFO 19096 --- [main] o.h.Version                              : HHH000412: Hibernate Core {5.3.9.Final}
2019-08-09 18:46:33.781  INFO 19096 --- [main] o.h.c.Environment                        : HHH000206: hibernate.properties not found
2019-08-09 18:46:34.015  INFO 19096 --- [main] o.h.a.c.Version                          : HCANN000001: Hibernate Commons Annotations {5.0.4.Final}
2019-08-09 18:46:34.218  INFO 19096 --- [main] o.h.d.Dialect                            : HHH000400: Using dialect: org.hibernate.dialect.MySQL5Dialect
2019-08-09 18:46:37.734  INFO 19096 --- [main] j.LocalContainerEntityManagerFactoryBean : Initialized JPA EntityManagerFactory for persistence unit 'default'
2019-08-09 18:46:38.493  INFO 19096 --- [main] o.s.s.w.DefaultSecurityFilterChain       : Creating filter chain: any request, [org.springframework.security.web.context.request.async.WebAsyncManagerIntegrationFilter@16ccd2bc, org.springframework.security.web.context.SecurityContextPersistenceFilter@5f6a8efe, org.springframework.security.web.header.HeaderWriterFilter@2c3f43d1, org.springframework.security.web.authentication.logout.LogoutFilter@43d3995f, org.springframework.security.web.authentication.www.BasicAuthenticationFilter@271e851e, org.springframework.security.web.savedrequest.RequestCacheAwareFilter@6a1d1467, org.springframework.security.web.servletapi.SecurityContextHolderAwareRequestFilter@46524ebe, org.springframework.security.web.authentication.AnonymousAuthenticationFilter@12f8682a, org.springframework.security.web.session.SessionManagementFilter@3d8d52be, org.springframework.security.web.access.ExceptionTranslationFilter@2299d903, org.springframework.security.web.access.intercept.FilterSecurityInterceptor@9dc782d]
2019-08-09 18:46:38.743  INFO 19096 --- [main] o.s.s.c.ThreadPoolTaskExecutor           : Initializing ExecutorService 'applicationTaskExecutor'
2019-08-09 18:46:38.776  WARN 19096 --- [main] aWebConfiguration$JpaWebMvcConfiguration : spring.jpa.open-in-view is enabled by default. Therefore, database queries may be performed during view rendering. Explicitly configure spring.jpa.open-in-view to disable this warning
2019-08-09 18:46:39.089  INFO 19096 --- [main] o.s.b.w.e.t.TomcatWebServer              : Tomcat started on port(s): 8080 (http) with context path ''
2019-08-09 18:46:39.089  INFO 19096 --- [main] c.i.e.ElektronskiDnevnikApplication      : Started ElektronskiDnevnikApplication in 9.743 seconds (JVM running for 11.401)
2019-08-09 18:49:35.201  INFO 19096 --- [RMI TCP Connection(11)-127.0.0.1] inMXBeanRegistrar$SpringApplicationAdmin : Application shutdown requested.
2019-08-09 18:49:35.209  INFO 19096 --- [RMI TCP Connection(11)-127.0.0.1] o.s.s.c.ThreadPoolTaskExecutor           : Shutting down ExecutorService 'applicationTaskExecutor'
2019-08-09 18:49:35.209  INFO 19096 --- [RMI TCP Connection(11)-127.0.0.1] j.LocalContainerEntityManagerFactoryBean : Closing JPA EntityManagerFactory for persistence unit 'default'
2019-08-09 18:49:35.209  INFO 19096 --- [RMI TCP Connection(11)-127.0.0.1] c.z.h.HikariDataSource                   : HikariPool-1 - Shutdown initiated...
2019-08-09 18:49:35.225  INFO 19096 --- [RMI TCP Connection(11)-127.0.0.1] c.z.h.HikariDataSource                   : HikariPool-1 - Shutdown completed.
2019-08-09 18:52:07.160  INFO 19360 --- [main] c.i.e.ElektronskiDnevnikApplication      : Starting ElektronskiDnevnikApplication on DESKTOP-8R6MLJQ with PID 19360 (C:\Users\HP\Documents\workspace-sts-3.9.8.RELEASE\elektronski_dnevnik\target\classes started by HP in C:\Users\HP\Documents\workspace-sts-3.9.8.RELEASE\elektronski_dnevnik)
2019-08-09 18:52:07.176  INFO 19360 --- [main] c.i.e.ElektronskiDnevnikApplication      : No active profile set, falling back to default profiles: default
2019-08-09 18:52:08.207  INFO 19360 --- [main] .s.d.r.c.RepositoryConfigurationDelegate : Bootstrapping Spring Data repositories in DEFAULT mode.
2019-08-09 18:52:08.306  INFO 19360 --- [main] .s.d.r.c.RepositoryConfigurationDelegate : Finished Spring Data repository scanning in 94ms. Found 1 repository interfaces.
2019-08-09 18:52:08.805  INFO 19360 --- [main] trationDelegate$BeanPostProcessorChecker : Bean 'org.springframework.transaction.annotation.ProxyTransactionManagementConfiguration' of type [org.springframework.transaction.annotation.ProxyTransactionManagementConfiguration$$EnhancerBySpringCGLIB$$927e8aa3] is not eligible for getting processed by all BeanPostProcessors (for example: not eligible for auto-proxying)
2019-08-09 18:52:08.852  INFO 19360 --- [main] trationDelegate$BeanPostProcessorChecker : Bean 'org.springframework.security.config.annotation.configuration.ObjectPostProcessorConfiguration' of type [org.springframework.security.config.annotation.configuration.ObjectPostProcessorConfiguration$$EnhancerBySpringCGLIB$$2b2c52dd] is not eligible for getting processed by all BeanPostProcessors (for example: not eligible for auto-proxying)
2019-08-09 18:52:08.868  INFO 19360 --- [main] trationDelegate$BeanPostProcessorChecker : Bean 'objectPostProcessor' of type [org.springframework.security.config.annotation.configuration.AutowireBeanFactoryObjectPostProcessor] is not eligible for getting processed by all BeanPostProcessors (for example: not eligible for auto-proxying)
2019-08-09 18:52:08.868  INFO 19360 --- [main] trationDelegate$BeanPostProcessorChecker : Bean 'org.springframework.security.access.expression.method.DefaultMethodSecurityExpressionHandler@1280851e' of type [org.springframework.security.access.expression.method.DefaultMethodSecurityExpressionHandler] is not eligible for getting processed by all BeanPostProcessors (for example: not eligible for auto-proxying)
2019-08-09 18:52:08.868  INFO 19360 --- [main] trationDelegate$BeanPostProcessorChecker : Bean 'org.springframework.security.config.annotation.method.configuration.GlobalMethodSecurityConfiguration' of type [org.springframework.security.config.annotation.method.configuration.GlobalMethodSecurityConfiguration$$EnhancerBySpringCGLIB$$5000f58f] is not eligible for getting processed by all BeanPostProcessors (for example: not eligible for auto-proxying)
2019-08-09 18:52:08.884  INFO 19360 --- [main] trationDelegate$BeanPostProcessorChecker : Bean 'methodSecurityMetadataSource' of type [org.springframework.security.access.method.DelegatingMethodSecurityMetadataSource] is not eligible for getting processed by all BeanPostProcessors (for example: not eligible for auto-proxying)
2019-08-09 18:52:09.337  INFO 19360 --- [main] o.s.b.w.e.t.TomcatWebServer              : Tomcat initialized with port(s): 8080 (http)
2019-08-09 18:52:09.371  INFO 19360 --- [main] o.a.c.c.StandardService                  : Starting service [Tomcat]
2019-08-09 18:52:09.371  INFO 19360 --- [main] o.a.c.c.StandardEngine                   : Starting Servlet engine: [Apache Tomcat/9.0.17]
2019-08-09 18:52:09.574  INFO 19360 --- [main] o.a.c.c.C.[.[.[/]                        : Initializing Spring embedded WebApplicationContext
2019-08-09 18:52:09.574  INFO 19360 --- [main] o.s.w.c.ContextLoader                    : Root WebApplicationContext: initialization completed in 2273 ms
2019-08-09 18:52:09.881  INFO 19360 --- [main] c.z.h.HikariDataSource                   : HikariPool-1 - Starting...
2019-08-09 18:52:09.896  WARN 19360 --- [main] c.z.h.u.DriverDataSource                 : Registered driver with driverClassName=com.mysql.jdbc.Driver was not found, trying direct instantiation.
2019-08-09 18:52:10.756  INFO 19360 --- [main] c.z.h.HikariDataSource                   : HikariPool-1 - Start completed.
2019-08-09 18:52:10.835  INFO 19360 --- [main] o.h.j.i.u.LogHelper                      : HHH000204: Processing PersistenceUnitInfo [
	name: default
	...]
2019-08-09 18:52:10.991  INFO 19360 --- [main] o.h.Version                              : HHH000412: Hibernate Core {5.3.9.Final}
2019-08-09 18:52:10.991  INFO 19360 --- [main] o.h.c.Environment                        : HHH000206: hibernate.properties not found
2019-08-09 18:52:11.226  INFO 19360 --- [main] o.h.a.c.Version                          : HCANN000001: Hibernate Commons Annotations {5.0.4.Final}
2019-08-09 18:52:11.444  INFO 19360 --- [main] o.h.d.Dialect                            : HHH000400: Using dialect: org.hibernate.dialect.MySQL5Dialect
2019-08-09 18:52:14.351  INFO 19360 --- [main] j.LocalContainerEntityManagerFactoryBean : Initialized JPA EntityManagerFactory for persistence unit 'default'
2019-08-09 18:52:15.062  INFO 19360 --- [main] o.s.s.w.DefaultSecurityFilterChain       : Creating filter chain: any request, [org.springframework.security.web.context.request.async.WebAsyncManagerIntegrationFilter@72a3462f, org.springframework.security.web.context.SecurityContextPersistenceFilter@5e541ef9, org.springframework.security.web.header.HeaderWriterFilter@628962e5, org.springframework.security.web.authentication.logout.LogoutFilter@6851b296, org.springframework.security.web.authentication.www.BasicAuthenticationFilter@2f99d8c, org.springframework.security.web.savedrequest.RequestCacheAwareFilter@28ce75ec, org.springframework.security.web.servletapi.SecurityContextHolderAwareRequestFilter@271e851e, org.springframework.security.web.authentication.AnonymousAuthenticationFilter@4ffa7041, org.springframework.security.web.session.SessionManagementFilter@693f2c89, org.springframework.security.web.access.ExceptionTranslationFilter@4bf8b77, org.springframework.security.web.access.intercept.FilterSecurityInterceptor@7cdfa824]
2019-08-09 18:52:15.312  INFO 19360 --- [main] o.s.s.c.ThreadPoolTaskExecutor           : Initializing ExecutorService 'applicationTaskExecutor'
2019-08-09 18:52:15.359  WARN 19360 --- [main] aWebConfiguration$JpaWebMvcConfiguration : spring.jpa.open-in-view is enabled by default. Therefore, database queries may be performed during view rendering. Explicitly configure spring.jpa.open-in-view to disable this warning
2019-08-09 18:52:15.641  INFO 19360 --- [main] o.s.b.w.e.t.TomcatWebServer              : Tomcat started on port(s): 8080 (http) with context path ''
2019-08-09 18:52:15.969  INFO 19360 --- [main] c.i.e.ElektronskiDnevnikApplication      : Started ElektronskiDnevnikApplication in 9.421 seconds (JVM running for 10.943)
2019-08-09 18:52:34.691  INFO 19360 --- [http-nio-8080-exec-3] o.a.c.c.C.[.[.[/]                        : Initializing Spring DispatcherServlet 'dispatcherServlet'
2019-08-09 18:52:34.691  INFO 19360 --- [http-nio-8080-exec-3] o.s.w.s.DispatcherServlet                : Initializing Servlet 'dispatcherServlet'
2019-08-09 18:52:34.705  INFO 19360 --- [http-nio-8080-exec-3] o.s.w.s.DispatcherServlet                : Completed initialization in 10 ms
2019-08-09 18:52:35.013 ERROR 19360 --- [http-nio-8080-exec-3] c.i.e.c.AuthenticationEntryPoint         : Unauthorized attempt
2019-08-09 18:52:57.883 ERROR 19360 --- [http-nio-8080-exec-2] c.i.e.c.AuthenticationEntryPoint         : Unauthorized attempt
